[35m[1mScanning dependencies of target _zed_wrapper_generate_messages_check_deps_reset_tracking[0m
[35m[1mScanning dependencies of target _zed_wrapper_generate_messages_check_deps_reset_odometry[0m
[  0%] Built target _zed_wrapper_generate_messages_check_deps_reset_odometry
[  0%] Built target _zed_wrapper_generate_messages_check_deps_reset_tracking
[35m[1mScanning dependencies of target zed_wrapper_gencfg[0m
[35m[1mScanning dependencies of target _zed_wrapper_generate_messages_check_deps_set_initial_pose[0m
[  4%] [34m[1mGenerating dynamic reconfigure files from cfg/Zed.cfg: /xavier_ssd/TrekBot/TrekBot2_WS/devel/.private/zed_wrapper/include/zed_wrapper/ZedConfig.h /xavier_ssd/TrekBot/TrekBot2_WS/devel/.private/zed_wrapper/lib/python2.7/dist-packages/zed_wrapper/cfg/ZedConfig.py[0m
/usr/bin/env: â€˜pythonâ€™: Too many levels of symbolic links
CMakeFiles/zed_wrapper_gencfg.dir/build.make:63: recipe for target '/xavier_ssd/TrekBot/TrekBot2_WS/devel/.private/zed_wrapper/include/zed_wrapper/ZedConfig.h' failed
make[2]: *** [/xavier_ssd/TrekBot/TrekBot2_WS/devel/.private/zed_wrapper/include/zed_wrapper/ZedConfig.h] Error 126
make[1]: *** [CMakeFiles/zed_wrapper_gencfg.dir/all] Error 2
CMakeFiles/Makefile2:109: recipe for target 'CMakeFiles/zed_wrapper_gencfg.dir/all' failed
make[1]: *** Waiting for unfinished jobs....
[  4%] Built target _zed_wrapper_generate_messages_check_deps_set_initial_pose
Makefile:140: recipe for target 'all' failed
make: *** [all] Error 2
