[36m--[0m Using CATKIN_DEVEL_PREFIX: /xavier_ssd/TrekBot/TrekBot2_WS/devel/.private/tf2_msgs
[36m--[0m Using CMAKE_PREFIX_PATH: /xavier_ssd/TrekBot/TrekBot2_WS/devel;/opt/ros/melodic
[36m--[0m This workspace overlays: /xavier_ssd/TrekBot/TrekBot2_WS/devel;/opt/ros/melodic
[31m[1mCMake Error[0m at /usr/share/cmake-3.10/Modules/FindPackageHandleStandardArgs.cmake:137 (message):
  Could NOT find PythonInterp: Found unsuitable version "1.4", but required
  is at least "3" (found /bin/python3)
[36mCall Stack (most recent call first):[0m
  /usr/share/cmake-3.10/Modules/FindPackageHandleStandardArgs.cmake:376 (_FPHSA_FAILURE_MESSAGE)
  /usr/share/cmake-3.10/Modules/FindPythonInterp.cmake:152 (FIND_PACKAGE_HANDLE_STANDARD_ARGS)
  /opt/ros/melodic/share/catkin/cmake/python.cmake:4 (find_package)
  /opt/ros/melodic/share/catkin/cmake/all.cmake:159 (include)
  /opt/ros/melodic/share/catkin/cmake/catkinConfig.cmake:20 (include)
  CMakeLists.txt:4 (find_package)


[36m--[0m Configuring incomplete, errors occurred!
See also "/xavier_ssd/TrekBot/TrekBot2_WS/build/tf2_msgs/CMakeFiles/CMakeOutput.log".
See also "/xavier_ssd/TrekBot/TrekBot2_WS/build/tf2_msgs/CMakeFiles/CMakeError.log".
Makefile:838: recipe for target 'cmake_check_build_system' failed
make: *** [cmake_check_build_system] Error 1
